2023-12-11 13:15:01.534  INFO 1 --- [           main] c.c.delivery.CourierDeliveryApplication  : Starting CourierDeliveryApplication v0.0.1-SNAPSHOT using Java 17.0.2 on aa1945f8edc8 with PID 1 (/delivery-0.0.1-SNAPSHOT.jar started by root in /)
2023-12-11 13:15:01.535  INFO 1 --- [           main] c.c.delivery.CourierDeliveryApplication  : No active profile set, falling back to 1 default profile: "default"
2023-12-11 13:15:02.192  INFO 1 --- [           main] .s.d.r.c.RepositoryConfigurationDelegate : Bootstrapping Spring Data JPA repositories in DEFAULT mode.
2023-12-11 13:15:02.236  INFO 1 --- [           main] .s.d.r.c.RepositoryConfigurationDelegate : Finished Spring Data repository scanning in 36 ms. Found 2 JPA repository interfaces.
2023-12-11 13:15:02.769  INFO 1 --- [           main] o.s.b.w.embedded.tomcat.TomcatWebServer  : Tomcat initialized with port(s): 9090 (http)
2023-12-11 13:15:02.777  INFO 1 --- [           main] o.apache.catalina.core.StandardService   : Starting service [Tomcat]
2023-12-11 13:15:02.778  INFO 1 --- [           main] org.apache.catalina.core.StandardEngine  : Starting Servlet engine: [Apache Tomcat/9.0.65]
2023-12-11 13:15:02.844  INFO 1 --- [           main] o.a.c.c.C.[Tomcat].[localhost].[/]       : Initializing Spring embedded WebApplicationContext
2023-12-11 13:15:02.844  INFO 1 --- [           main] w.s.c.ServletWebServerApplicationContext : Root WebApplicationContext: initialization completed in 1270 ms
2023-12-11 13:15:03.049  INFO 1 --- [           main] o.hibernate.jpa.internal.util.LogHelper  : HHH000204: Processing PersistenceUnitInfo [name: default]
2023-12-11 13:15:03.095  INFO 1 --- [           main] org.hibernate.Version                    : HHH000412: Hibernate ORM core version 5.6.10.Final
2023-12-11 13:15:03.238  INFO 1 --- [           main] o.hibernate.annotations.common.Version   : HCANN000001: Hibernate Commons Annotations {5.1.2.Final}
2023-12-11 13:15:03.312  INFO 1 --- [           main] com.zaxxer.hikari.HikariDataSource       : HikariPool-1 - Starting...
2023-12-11 13:15:03.563  INFO 1 --- [           main] com.zaxxer.hikari.HikariDataSource       : HikariPool-1 - Start completed.
2023-12-11 13:15:03.577  INFO 1 --- [           main] org.hibernate.dialect.Dialect            : HHH000400: Using dialect: org.hibernate.dialect.MySQL8Dialect
2023-12-11 13:15:04.076  INFO 1 --- [           main] o.h.e.t.j.p.i.JtaPlatformInitiator       : HHH000490: Using JtaPlatform implementation: [org.hibernate.engine.transaction.jta.platform.internal.NoJtaPlatform]
2023-12-11 13:15:04.082  INFO 1 --- [           main] j.LocalContainerEntityManagerFactoryBean : Initialized JPA EntityManagerFactory for persistence unit 'default'
2023-12-11 13:15:04.467  WARN 1 --- [           main] JpaBaseConfiguration$JpaWebConfiguration : spring.jpa.open-in-view is enabled by default. Therefore, database queries may be performed during view rendering. Explicitly configure spring.jpa.open-in-view to disable this warning
2023-12-11 13:15:05.117  INFO 1 --- [           main] o.s.s.web.DefaultSecurityFilterChain     : Will secure any request with [org.springframework.security.web.session.DisableEncodeUrlFilter@52b3bf03, org.springframework.security.web.context.request.async.WebAsyncManagerIntegrationFilter@7cca01a8, org.springframework.security.web.context.SecurityContextPersistenceFilter@3f1a4795, org.springframework.security.web.header.HeaderWriterFilter@3f1ef9d6, org.springframework.web.filter.CorsFilter@462abec3, org.springframework.security.web.authentication.logout.LogoutFilter@2d64c100, com.courier.delivery.utils.JwtFilter@70228253, org.springframework.security.web.savedrequest.RequestCacheAwareFilter@6c5ddccd, org.springframework.security.web.servletapi.SecurityContextHolderAwareRequestFilter@7d0d91a1, org.springframework.security.web.authentication.AnonymousAuthenticationFilter@35c9a231, org.springframework.security.web.session.SessionManagementFilter@54402c04, org.springframework.security.web.access.ExceptionTranslationFilter@30c1da48, org.springframework.security.web.access.intercept.FilterSecurityInterceptor@724b939e]
2023-12-11 13:15:05.302  INFO 1 --- [           main] o.s.b.w.embedded.tomcat.TomcatWebServer  : Tomcat started on port(s): 9090 (http) with context path ''
2023-12-11 13:15:05.309  INFO 1 --- [           main] c.c.delivery.CourierDeliveryApplication  : Started CourierDeliveryApplication in 4.111 seconds (JVM running for 4.507)
2023-12-11 13:16:12.686  INFO 1 --- [nio-9090-exec-1] o.a.c.c.C.[Tomcat].[localhost].[/]       : Initializing Spring DispatcherServlet 'dispatcherServlet'
2023-12-11 13:16:12.686  INFO 1 --- [nio-9090-exec-1] o.s.web.servlet.DispatcherServlet        : Initializing Servlet 'dispatcherServlet'
2023-12-11 13:16:12.687  INFO 1 --- [nio-9090-exec-1] o.s.web.servlet.DispatcherServlet        : Completed initialization in 1 ms
2023-12-11 13:16:12.792  INFO 1 --- [nio-9090-exec-2] c.c.delivery.controllers.AuthController  : [TYPE] incoming [METHOD] POST [API_NAME] login
2023-12-11 13:16:12.792  INFO 1 --- [nio-9090-exec-2] c.c.delivery.controllers.AuthController  : [TYPE] internal [METHOD] loginHelper
Hibernate: select user0_.id as id1_1_, user0_.active as active2_1_, user0_.created_on as created_3_1_, user0_.email as email4_1_, user0_.first_name as first_na5_1_, user0_.last_name as last_nam6_1_, user0_.mobile_no as mobile_n7_1_, user0_.password as password8_1_, user0_.role as role9_1_ from user user0_ where user0_.email=?
Hibernate: select user0_.id as id1_1_, user0_.active as active2_1_, user0_.created_on as created_3_1_, user0_.email as email4_1_, user0_.first_name as first_na5_1_, user0_.last_name as last_nam6_1_, user0_.mobile_no as mobile_n7_1_, user0_.password as password8_1_, user0_.role as role9_1_ from user user0_ where user0_.email=?
Hibernate: select user0_.id as id1_1_, user0_.active as active2_1_, user0_.created_on as created_3_1_, user0_.email as email4_1_, user0_.first_name as first_na5_1_, user0_.last_name as last_nam6_1_, user0_.mobile_no as mobile_n7_1_, user0_.password as password8_1_, user0_.role as role9_1_ from user user0_ where user0_.email=?
2023-12-11 13:16:13.096  INFO 1 --- [nio-9090-exec-2] c.c.delivery.controllers.AuthController  : [TYPE] internal [METHOD] loginHelper [STATUS] SUCCESS
2023-12-11 13:16:13.096  INFO 1 --- [nio-9090-exec-2] c.c.delivery.controllers.AuthController  : [TYPE] outgoing [METHOD] POST [API_NAME] login [STATUS] SUCCESS
Hibernate: select user0_.id as id1_1_, user0_.active as active2_1_, user0_.created_on as created_3_1_, user0_.email as email4_1_, user0_.first_name as first_na5_1_, user0_.last_name as last_nam6_1_, user0_.mobile_no as mobile_n7_1_, user0_.password as password8_1_, user0_.role as role9_1_ from user user0_ where user0_.email=?
2023-12-11 13:16:54.779  INFO 1 --- [nio-9090-exec-3] c.c.delivery.controllers.UserController  : [TYPE] incoming [METHOD] POST [API_NAME] calculateRates
2023-12-11 13:16:54.780  INFO 1 --- [nio-9090-exec-3] c.c.delivery.controllers.UserController  : [TYPE] outgoing [METHOD] POST [API_NAME] calculateRates [STATUS] SUCCESS
Hibernate: select user0_.id as id1_1_, user0_.active as active2_1_, user0_.created_on as created_3_1_, user0_.email as email4_1_, user0_.first_name as first_na5_1_, user0_.last_name as last_nam6_1_, user0_.mobile_no as mobile_n7_1_, user0_.password as password8_1_, user0_.role as role9_1_ from user user0_ where user0_.email=?
2023-12-11 13:16:57.785  INFO 1 --- [nio-9090-exec-6] c.c.delivery.controllers.UserController  : [TYPE] incoming [METHOD] POST [API_NAME] createCourier
Hibernate: select user0_.id as id1_1_, user0_.active as active2_1_, user0_.created_on as created_3_1_, user0_.email as email4_1_, user0_.first_name as first_na5_1_, user0_.last_name as last_nam6_1_, user0_.mobile_no as mobile_n7_1_, user0_.password as password8_1_, user0_.role as role9_1_ from user user0_ where user0_.email=?
Hibernate: insert into courier_details (agent_id, amount, created_on, current_location, destination, distance, expected_delivery_date, order_type, payment_details, payment_mode, source, status, user_id, weight) values (?, ?, ?, ?, ?, ?, ?, ?, ?, ?, ?, ?, ?, ?)
2023-12-11 13:16:57.825  INFO 1 --- [nio-9090-exec-6] c.c.delivery.controllers.UserController  : [TYPE] outgoing [METHOD] POST [API_NAME] createCourier [STATUS] SUCCESS
Hibernate: select user0_.id as id1_1_, user0_.active as active2_1_, user0_.created_on as created_3_1_, user0_.email as email4_1_, user0_.first_name as first_na5_1_, user0_.last_name as last_nam6_1_, user0_.mobile_no as mobile_n7_1_, user0_.password as password8_1_, user0_.role as role9_1_ from user user0_ where user0_.email=?
2023-12-11 13:16:59.874  INFO 1 --- [nio-9090-exec-8] c.c.delivery.controllers.UserController  : [TYPE] incoming [METHOD] GET [API_NAME] courierMyOrders
Hibernate: select user0_.id as id1_1_, user0_.active as active2_1_, user0_.created_on as created_3_1_, user0_.email as email4_1_, user0_.first_name as first_na5_1_, user0_.last_name as last_nam6_1_, user0_.mobile_no as mobile_n7_1_, user0_.password as password8_1_, user0_.role as role9_1_ from user user0_ where user0_.email=?
Hibernate: select courierdet0_.id as id1_0_, courierdet0_.agent_id as agent_i14_0_, courierdet0_.amount as amount2_0_, courierdet0_.created_on as created_3_0_, courierdet0_.current_location as current_4_0_, courierdet0_.destination as destinat5_0_, courierdet0_.distance as distance6_0_, courierdet0_.expected_delivery_date as expected7_0_, courierdet0_.order_type as order_ty8_0_, courierdet0_.payment_details as payment_9_0_, courierdet0_.payment_mode as payment10_0_, courierdet0_.source as source11_0_, courierdet0_.status as status12_0_, courierdet0_.user_id as user_id15_0_, courierdet0_.weight as weight13_0_ from courier_details courierdet0_ where courierdet0_.user_id=?
Hibernate: select user0_.id as id1_1_0_, user0_.active as active2_1_0_, user0_.created_on as created_3_1_0_, user0_.email as email4_1_0_, user0_.first_name as first_na5_1_0_, user0_.last_name as last_nam6_1_0_, user0_.mobile_no as mobile_n7_1_0_, user0_.password as password8_1_0_, user0_.role as role9_1_0_ from user user0_ where user0_.id=?
Hibernate: select user0_.id as id1_1_0_, user0_.active as active2_1_0_, user0_.created_on as created_3_1_0_, user0_.email as email4_1_0_, user0_.first_name as first_na5_1_0_, user0_.last_name as last_nam6_1_0_, user0_.mobile_no as mobile_n7_1_0_, user0_.password as password8_1_0_, user0_.role as role9_1_0_ from user user0_ where user0_.id=?
Hibernate: select user0_.id as id1_1_0_, user0_.active as active2_1_0_, user0_.created_on as created_3_1_0_, user0_.email as email4_1_0_, user0_.first_name as first_na5_1_0_, user0_.last_name as last_nam6_1_0_, user0_.mobile_no as mobile_n7_1_0_, user0_.password as password8_1_0_, user0_.role as role9_1_0_ from user user0_ where user0_.id=?
Hibernate: select user0_.id as id1_1_0_, user0_.active as active2_1_0_, user0_.created_on as created_3_1_0_, user0_.email as email4_1_0_, user0_.first_name as first_na5_1_0_, user0_.last_name as last_nam6_1_0_, user0_.mobile_no as mobile_n7_1_0_, user0_.password as password8_1_0_, user0_.role as role9_1_0_ from user user0_ where user0_.id=?
2023-12-11 13:16:59.898  INFO 1 --- [nio-9090-exec-8] c.c.delivery.controllers.UserController  : [TYPE] outgoing [METHOD] GET [API_NAME] courierMyOrders [STATUS] SUCCESS
Hibernate: select user0_.id as id1_1_, user0_.active as active2_1_, user0_.created_on as created_3_1_, user0_.email as email4_1_, user0_.first_name as first_na5_1_, user0_.last_name as last_nam6_1_, user0_.mobile_no as mobile_n7_1_, user0_.password as password8_1_, user0_.role as role9_1_ from user user0_ where user0_.email=?
2023-12-11 13:17:02.406  INFO 1 --- [io-9090-exec-10] c.c.delivery.controllers.UserController  : [TYPE] incoming [METHOD] GET [API_NAME] courierMyOrders
Hibernate: select user0_.id as id1_1_, user0_.active as active2_1_, user0_.created_on as created_3_1_, user0_.email as email4_1_, user0_.first_name as first_na5_1_, user0_.last_name as last_nam6_1_, user0_.mobile_no as mobile_n7_1_, user0_.password as password8_1_, user0_.role as role9_1_ from user user0_ where user0_.email=?
Hibernate: select courierdet0_.id as id1_0_, courierdet0_.agent_id as agent_i14_0_, courierdet0_.amount as amount2_0_, courierdet0_.created_on as created_3_0_, courierdet0_.current_location as current_4_0_, courierdet0_.destination as destinat5_0_, courierdet0_.distance as distance6_0_, courierdet0_.expected_delivery_date as expected7_0_, courierdet0_.order_type as order_ty8_0_, courierdet0_.payment_details as payment_9_0_, courierdet0_.payment_mode as payment10_0_, courierdet0_.source as source11_0_, courierdet0_.status as status12_0_, courierdet0_.user_id as user_id15_0_, courierdet0_.weight as weight13_0_ from courier_details courierdet0_ where courierdet0_.user_id=?
Hibernate: select user0_.id as id1_1_0_, user0_.active as active2_1_0_, user0_.created_on as created_3_1_0_, user0_.email as email4_1_0_, user0_.first_name as first_na5_1_0_, user0_.last_name as last_nam6_1_0_, user0_.mobile_no as mobile_n7_1_0_, user0_.password as password8_1_0_, user0_.role as role9_1_0_ from user user0_ where user0_.id=?
Hibernate: select user0_.id as id1_1_0_, user0_.active as active2_1_0_, user0_.created_on as created_3_1_0_, user0_.email as email4_1_0_, user0_.first_name as first_na5_1_0_, user0_.last_name as last_nam6_1_0_, user0_.mobile_no as mobile_n7_1_0_, user0_.password as password8_1_0_, user0_.role as role9_1_0_ from user user0_ where user0_.id=?
Hibernate: select user0_.id as id1_1_0_, user0_.active as active2_1_0_, user0_.created_on as created_3_1_0_, user0_.email as email4_1_0_, user0_.first_name as first_na5_1_0_, user0_.last_name as last_nam6_1_0_, user0_.mobile_no as mobile_n7_1_0_, user0_.password as password8_1_0_, user0_.role as role9_1_0_ from user user0_ where user0_.id=?
Hibernate: select user0_.id as id1_1_0_, user0_.active as active2_1_0_, user0_.created_on as created_3_1_0_, user0_.email as email4_1_0_, user0_.first_name as first_na5_1_0_, user0_.last_name as last_nam6_1_0_, user0_.mobile_no as mobile_n7_1_0_, user0_.password as password8_1_0_, user0_.role as role9_1_0_ from user user0_ where user0_.id=?
2023-12-11 13:17:02.426  INFO 1 --- [io-9090-exec-10] c.c.delivery.controllers.UserController  : [TYPE] outgoing [METHOD] GET [API_NAME] courierMyOrders [STATUS] SUCCESS
Hibernate: select user0_.id as id1_1_, user0_.active as active2_1_, user0_.created_on as created_3_1_, user0_.email as email4_1_, user0_.first_name as first_na5_1_, user0_.last_name as last_nam6_1_, user0_.mobile_no as mobile_n7_1_, user0_.password as password8_1_, user0_.role as role9_1_ from user user0_ where user0_.email=?
2023-12-11 13:17:05.170  INFO 1 --- [nio-9090-exec-9] c.c.delivery.controllers.UserController  : [TYPE] incoming [METHOD] GET [API_NAME] courierMyOrders
Hibernate: select user0_.id as id1_1_, user0_.active as active2_1_, user0_.created_on as created_3_1_, user0_.email as email4_1_, user0_.first_name as first_na5_1_, user0_.last_name as last_nam6_1_, user0_.mobile_no as mobile_n7_1_, user0_.password as password8_1_, user0_.role as role9_1_ from user user0_ where user0_.email=?
Hibernate: select courierdet0_.id as id1_0_, courierdet0_.agent_id as agent_i14_0_, courierdet0_.amount as amount2_0_, courierdet0_.created_on as created_3_0_, courierdet0_.current_location as current_4_0_, courierdet0_.destination as destinat5_0_, courierdet0_.distance as distance6_0_, courierdet0_.expected_delivery_date as expected7_0_, courierdet0_.order_type as order_ty8_0_, courierdet0_.payment_details as payment_9_0_, courierdet0_.payment_mode as payment10_0_, courierdet0_.source as source11_0_, courierdet0_.status as status12_0_, courierdet0_.user_id as user_id15_0_, courierdet0_.weight as weight13_0_ from courier_details courierdet0_ where courierdet0_.user_id=?
Hibernate: select user0_.id as id1_1_0_, user0_.active as active2_1_0_, user0_.created_on as created_3_1_0_, user0_.email as email4_1_0_, user0_.first_name as first_na5_1_0_, user0_.last_name as last_nam6_1_0_, user0_.mobile_no as mobile_n7_1_0_, user0_.password as password8_1_0_, user0_.role as role9_1_0_ from user user0_ where user0_.id=?
Hibernate: select user0_.id as id1_1_0_, user0_.active as active2_1_0_, user0_.created_on as created_3_1_0_, user0_.email as email4_1_0_, user0_.first_name as first_na5_1_0_, user0_.last_name as last_nam6_1_0_, user0_.mobile_no as mobile_n7_1_0_, user0_.password as password8_1_0_, user0_.role as role9_1_0_ from user user0_ where user0_.id=?
Hibernate: select user0_.id as id1_1_0_, user0_.active as active2_1_0_, user0_.created_on as created_3_1_0_, user0_.email as email4_1_0_, user0_.first_name as first_na5_1_0_, user0_.last_name as last_nam6_1_0_, user0_.mobile_no as mobile_n7_1_0_, user0_.password as password8_1_0_, user0_.role as role9_1_0_ from user user0_ where user0_.id=?
Hibernate: select user0_.id as id1_1_0_, user0_.active as active2_1_0_, user0_.created_on as created_3_1_0_, user0_.email as email4_1_0_, user0_.first_name as first_na5_1_0_, user0_.last_name as last_nam6_1_0_, user0_.mobile_no as mobile_n7_1_0_, user0_.password as password8_1_0_, user0_.role as role9_1_0_ from user user0_ where user0_.id=?
2023-12-11 13:17:05.185  INFO 1 --- [nio-9090-exec-9] c.c.delivery.controllers.UserController  : [TYPE] outgoing [METHOD] GET [API_NAME] courierMyOrders [STATUS] SUCCESS
Hibernate: select user0_.id as id1_1_, user0_.active as active2_1_, user0_.created_on as created_3_1_, user0_.email as email4_1_, user0_.first_name as first_na5_1_, user0_.last_name as last_nam6_1_, user0_.mobile_no as mobile_n7_1_, user0_.password as password8_1_, user0_.role as role9_1_ from user user0_ where user0_.email=?
2023-12-11 13:17:06.626  INFO 1 --- [nio-9090-exec-1] c.c.delivery.controllers.UserController  : [TYPE] incoming [METHOD] GET [API_NAME] courierMyOrders
Hibernate: select user0_.id as id1_1_, user0_.active as active2_1_, user0_.created_on as created_3_1_, user0_.email as email4_1_, user0_.first_name as first_na5_1_, user0_.last_name as last_nam6_1_, user0_.mobile_no as mobile_n7_1_, user0_.password as password8_1_, user0_.role as role9_1_ from user user0_ where user0_.email=?
Hibernate: select courierdet0_.id as id1_0_, courierdet0_.agent_id as agent_i14_0_, courierdet0_.amount as amount2_0_, courierdet0_.created_on as created_3_0_, courierdet0_.current_location as current_4_0_, courierdet0_.destination as destinat5_0_, courierdet0_.distance as distance6_0_, courierdet0_.expected_delivery_date as expected7_0_, courierdet0_.order_type as order_ty8_0_, courierdet0_.payment_details as payment_9_0_, courierdet0_.payment_mode as payment10_0_, courierdet0_.source as source11_0_, courierdet0_.status as status12_0_, courierdet0_.user_id as user_id15_0_, courierdet0_.weight as weight13_0_ from courier_details courierdet0_ where courierdet0_.user_id=?
Hibernate: select user0_.id as id1_1_0_, user0_.active as active2_1_0_, user0_.created_on as created_3_1_0_, user0_.email as email4_1_0_, user0_.first_name as first_na5_1_0_, user0_.last_name as last_nam6_1_0_, user0_.mobile_no as mobile_n7_1_0_, user0_.password as password8_1_0_, user0_.role as role9_1_0_ from user user0_ where user0_.id=?
Hibernate: select user0_.id as id1_1_0_, user0_.active as active2_1_0_, user0_.created_on as created_3_1_0_, user0_.email as email4_1_0_, user0_.first_name as first_na5_1_0_, user0_.last_name as last_nam6_1_0_, user0_.mobile_no as mobile_n7_1_0_, user0_.password as password8_1_0_, user0_.role as role9_1_0_ from user user0_ where user0_.id=?
Hibernate: select user0_.id as id1_1_0_, user0_.active as active2_1_0_, user0_.created_on as created_3_1_0_, user0_.email as email4_1_0_, user0_.first_name as first_na5_1_0_, user0_.last_name as last_nam6_1_0_, user0_.mobile_no as mobile_n7_1_0_, user0_.password as password8_1_0_, user0_.role as role9_1_0_ from user user0_ where user0_.id=?
Hibernate: select user0_.id as id1_1_0_, user0_.active as active2_1_0_, user0_.created_on as created_3_1_0_, user0_.email as email4_1_0_, user0_.first_name as first_na5_1_0_, user0_.last_name as last_nam6_1_0_, user0_.mobile_no as mobile_n7_1_0_, user0_.password as password8_1_0_, user0_.role as role9_1_0_ from user user0_ where user0_.id=?
2023-12-11 13:17:06.644  INFO 1 --- [nio-9090-exec-1] c.c.delivery.controllers.UserController  : [TYPE] outgoing [METHOD] GET [API_NAME] courierMyOrders [STATUS] SUCCESS
Hibernate: select user0_.id as id1_1_, user0_.active as active2_1_, user0_.created_on as created_3_1_, user0_.email as email4_1_, user0_.first_name as first_na5_1_, user0_.last_name as last_nam6_1_, user0_.mobile_no as mobile_n7_1_, user0_.password as password8_1_, user0_.role as role9_1_ from user user0_ where user0_.email=?
2023-12-11 13:17:08.868  INFO 1 --- [nio-9090-exec-2] c.c.delivery.controllers.UserController  : [TYPE] incoming [METHOD] GET [API_NAME] courierMyOrders
Hibernate: select user0_.id as id1_1_, user0_.active as active2_1_, user0_.created_on as created_3_1_, user0_.email as email4_1_, user0_.first_name as first_na5_1_, user0_.last_name as last_nam6_1_, user0_.mobile_no as mobile_n7_1_, user0_.password as password8_1_, user0_.role as role9_1_ from user user0_ where user0_.email=?
Hibernate: select courierdet0_.id as id1_0_, courierdet0_.agent_id as agent_i14_0_, courierdet0_.amount as amount2_0_, courierdet0_.created_on as created_3_0_, courierdet0_.current_location as current_4_0_, courierdet0_.destination as destinat5_0_, courierdet0_.distance as distance6_0_, courierdet0_.expected_delivery_date as expected7_0_, courierdet0_.order_type as order_ty8_0_, courierdet0_.payment_details as payment_9_0_, courierdet0_.payment_mode as payment10_0_, courierdet0_.source as source11_0_, courierdet0_.status as status12_0_, courierdet0_.user_id as user_id15_0_, courierdet0_.weight as weight13_0_ from courier_details courierdet0_ where courierdet0_.user_id=?
Hibernate: select user0_.id as id1_1_0_, user0_.active as active2_1_0_, user0_.created_on as created_3_1_0_, user0_.email as email4_1_0_, user0_.first_name as first_na5_1_0_, user0_.last_name as last_nam6_1_0_, user0_.mobile_no as mobile_n7_1_0_, user0_.password as password8_1_0_, user0_.role as role9_1_0_ from user user0_ where user0_.id=?
Hibernate: select user0_.id as id1_1_0_, user0_.active as active2_1_0_, user0_.created_on as created_3_1_0_, user0_.email as email4_1_0_, user0_.first_name as first_na5_1_0_, user0_.last_name as last_nam6_1_0_, user0_.mobile_no as mobile_n7_1_0_, user0_.password as password8_1_0_, user0_.role as role9_1_0_ from user user0_ where user0_.id=?
Hibernate: select user0_.id as id1_1_0_, user0_.active as active2_1_0_, user0_.created_on as created_3_1_0_, user0_.email as email4_1_0_, user0_.first_name as first_na5_1_0_, user0_.last_name as last_nam6_1_0_, user0_.mobile_no as mobile_n7_1_0_, user0_.password as password8_1_0_, user0_.role as role9_1_0_ from user user0_ where user0_.id=?
Hibernate: select user0_.id as id1_1_0_, user0_.active as active2_1_0_, user0_.created_on as created_3_1_0_, user0_.email as email4_1_0_, user0_.first_name as first_na5_1_0_, user0_.last_name as last_nam6_1_0_, user0_.mobile_no as mobile_n7_1_0_, user0_.password as password8_1_0_, user0_.role as role9_1_0_ from user user0_ where user0_.id=?
2023-12-11 13:17:08.884  INFO 1 --- [nio-9090-exec-2] c.c.delivery.controllers.UserController  : [TYPE] outgoing [METHOD] GET [API_NAME] courierMyOrders [STATUS] SUCCESS
Hibernate: select user0_.id as id1_1_, user0_.active as active2_1_, user0_.created_on as created_3_1_, user0_.email as email4_1_, user0_.first_name as first_na5_1_, user0_.last_name as last_nam6_1_, user0_.mobile_no as mobile_n7_1_, user0_.password as password8_1_, user0_.role as role9_1_ from user user0_ where user0_.email=?
2023-12-11 13:17:18.803  INFO 1 --- [nio-9090-exec-4] c.c.delivery.controllers.UserController  : [TYPE] incoming [METHOD] POST [API_NAME] calculateRates
2023-12-11 13:17:18.803  INFO 1 --- [nio-9090-exec-4] c.c.delivery.controllers.UserController  : [TYPE] outgoing [METHOD] POST [API_NAME] calculateRates [STATUS] SUCCESS
Hibernate: select user0_.id as id1_1_, user0_.active as active2_1_, user0_.created_on as created_3_1_, user0_.email as email4_1_, user0_.first_name as first_na5_1_, user0_.last_name as last_nam6_1_, user0_.mobile_no as mobile_n7_1_, user0_.password as password8_1_, user0_.role as role9_1_ from user user0_ where user0_.email=?
2023-12-11 13:17:23.608  INFO 1 --- [nio-9090-exec-3] c.c.delivery.controllers.UserController  : [TYPE] incoming [METHOD] POST [API_NAME] createCourier
Hibernate: select user0_.id as id1_1_, user0_.active as active2_1_, user0_.created_on as created_3_1_, user0_.email as email4_1_, user0_.first_name as first_na5_1_, user0_.last_name as last_nam6_1_, user0_.mobile_no as mobile_n7_1_, user0_.password as password8_1_, user0_.role as role9_1_ from user user0_ where user0_.email=?
Hibernate: insert into courier_details (agent_id, amount, created_on, current_location, destination, distance, expected_delivery_date, order_type, payment_details, payment_mode, source, status, user_id, weight) values (?, ?, ?, ?, ?, ?, ?, ?, ?, ?, ?, ?, ?, ?)
2023-12-11 13:17:23.620  INFO 1 --- [nio-9090-exec-3] c.c.delivery.controllers.UserController  : [TYPE] outgoing [METHOD] POST [API_NAME] createCourier [STATUS] SUCCESS
Hibernate: select user0_.id as id1_1_, user0_.active as active2_1_, user0_.created_on as created_3_1_, user0_.email as email4_1_, user0_.first_name as first_na5_1_, user0_.last_name as last_nam6_1_, user0_.mobile_no as mobile_n7_1_, user0_.password as password8_1_, user0_.role as role9_1_ from user user0_ where user0_.email=?
2023-12-11 13:17:24.750  INFO 1 --- [nio-9090-exec-5] c.c.delivery.controllers.UserController  : [TYPE] incoming [METHOD] GET [API_NAME] courierMyOrders
Hibernate: select user0_.id as id1_1_, user0_.active as active2_1_, user0_.created_on as created_3_1_, user0_.email as email4_1_, user0_.first_name as first_na5_1_, user0_.last_name as last_nam6_1_, user0_.mobile_no as mobile_n7_1_, user0_.password as password8_1_, user0_.role as role9_1_ from user user0_ where user0_.email=?
Hibernate: select courierdet0_.id as id1_0_, courierdet0_.agent_id as agent_i14_0_, courierdet0_.amount as amount2_0_, courierdet0_.created_on as created_3_0_, courierdet0_.current_location as current_4_0_, courierdet0_.destination as destinat5_0_, courierdet0_.distance as distance6_0_, courierdet0_.expected_delivery_date as expected7_0_, courierdet0_.order_type as order_ty8_0_, courierdet0_.payment_details as payment_9_0_, courierdet0_.payment_mode as payment10_0_, courierdet0_.source as source11_0_, courierdet0_.status as status12_0_, courierdet0_.user_id as user_id15_0_, courierdet0_.weight as weight13_0_ from courier_details courierdet0_ where courierdet0_.user_id=?
Hibernate: select user0_.id as id1_1_0_, user0_.active as active2_1_0_, user0_.created_on as created_3_1_0_, user0_.email as email4_1_0_, user0_.first_name as first_na5_1_0_, user0_.last_name as last_nam6_1_0_, user0_.mobile_no as mobile_n7_1_0_, user0_.password as password8_1_0_, user0_.role as role9_1_0_ from user user0_ where user0_.id=?
Hibernate: select user0_.id as id1_1_0_, user0_.active as active2_1_0_, user0_.created_on as created_3_1_0_, user0_.email as email4_1_0_, user0_.first_name as first_na5_1_0_, user0_.last_name as last_nam6_1_0_, user0_.mobile_no as mobile_n7_1_0_, user0_.password as password8_1_0_, user0_.role as role9_1_0_ from user user0_ where user0_.id=?
Hibernate: select user0_.id as id1_1_0_, user0_.active as active2_1_0_, user0_.created_on as created_3_1_0_, user0_.email as email4_1_0_, user0_.first_name as first_na5_1_0_, user0_.last_name as last_nam6_1_0_, user0_.mobile_no as mobile_n7_1_0_, user0_.password as password8_1_0_, user0_.role as role9_1_0_ from user user0_ where user0_.id=?
Hibernate: select user0_.id as id1_1_0_, user0_.active as active2_1_0_, user0_.created_on as created_3_1_0_, user0_.email as email4_1_0_, user0_.first_name as first_na5_1_0_, user0_.last_name as last_nam6_1_0_, user0_.mobile_no as mobile_n7_1_0_, user0_.password as password8_1_0_, user0_.role as role9_1_0_ from user user0_ where user0_.id=?
2023-12-11 13:17:24.766  INFO 1 --- [nio-9090-exec-5] c.c.delivery.controllers.UserController  : [TYPE] outgoing [METHOD] GET [API_NAME] courierMyOrders [STATUS] SUCCESS
Hibernate: select user0_.id as id1_1_, user0_.active as active2_1_, user0_.created_on as created_3_1_, user0_.email as email4_1_, user0_.first_name as first_na5_1_, user0_.last_name as last_nam6_1_, user0_.mobile_no as mobile_n7_1_, user0_.password as password8_1_, user0_.role as role9_1_ from user user0_ where user0_.email=?
2023-12-11 13:17:29.361  INFO 1 --- [nio-9090-exec-6] c.c.delivery.controllers.UserController  : [TYPE] incoming [METHOD] GET [API_NAME] courierMyOrders
Hibernate: select user0_.id as id1_1_, user0_.active as active2_1_, user0_.created_on as created_3_1_, user0_.email as email4_1_, user0_.first_name as first_na5_1_, user0_.last_name as last_nam6_1_, user0_.mobile_no as mobile_n7_1_, user0_.password as password8_1_, user0_.role as role9_1_ from user user0_ where user0_.email=?
Hibernate: select courierdet0_.id as id1_0_, courierdet0_.agent_id as agent_i14_0_, courierdet0_.amount as amount2_0_, courierdet0_.created_on as created_3_0_, courierdet0_.current_location as current_4_0_, courierdet0_.destination as destinat5_0_, courierdet0_.distance as distance6_0_, courierdet0_.expected_delivery_date as expected7_0_, courierdet0_.order_type as order_ty8_0_, courierdet0_.payment_details as payment_9_0_, courierdet0_.payment_mode as payment10_0_, courierdet0_.source as source11_0_, courierdet0_.status as status12_0_, courierdet0_.user_id as user_id15_0_, courierdet0_.weight as weight13_0_ from courier_details courierdet0_ where courierdet0_.user_id=?
Hibernate: select user0_.id as id1_1_0_, user0_.active as active2_1_0_, user0_.created_on as created_3_1_0_, user0_.email as email4_1_0_, user0_.first_name as first_na5_1_0_, user0_.last_name as last_nam6_1_0_, user0_.mobile_no as mobile_n7_1_0_, user0_.password as password8_1_0_, user0_.role as role9_1_0_ from user user0_ where user0_.id=?
Hibernate: select user0_.id as id1_1_0_, user0_.active as active2_1_0_, user0_.created_on as created_3_1_0_, user0_.email as email4_1_0_, user0_.first_name as first_na5_1_0_, user0_.last_name as last_nam6_1_0_, user0_.mobile_no as mobile_n7_1_0_, user0_.password as password8_1_0_, user0_.role as role9_1_0_ from user user0_ where user0_.id=?
Hibernate: select user0_.id as id1_1_0_, user0_.active as active2_1_0_, user0_.created_on as created_3_1_0_, user0_.email as email4_1_0_, user0_.first_name as first_na5_1_0_, user0_.last_name as last_nam6_1_0_, user0_.mobile_no as mobile_n7_1_0_, user0_.password as password8_1_0_, user0_.role as role9_1_0_ from user user0_ where user0_.id=?
Hibernate: select user0_.id as id1_1_0_, user0_.active as active2_1_0_, user0_.created_on as created_3_1_0_, user0_.email as email4_1_0_, user0_.first_name as first_na5_1_0_, user0_.last_name as last_nam6_1_0_, user0_.mobile_no as mobile_n7_1_0_, user0_.password as password8_1_0_, user0_.role as role9_1_0_ from user user0_ where user0_.id=?
2023-12-11 13:17:29.375  INFO 1 --- [nio-9090-exec-6] c.c.delivery.controllers.UserController  : [TYPE] outgoing [METHOD] GET [API_NAME] courierMyOrders [STATUS] SUCCESS
Hibernate: select user0_.id as id1_1_, user0_.active as active2_1_, user0_.created_on as created_3_1_, user0_.email as email4_1_, user0_.first_name as first_na5_1_, user0_.last_name as last_nam6_1_, user0_.mobile_no as mobile_n7_1_, user0_.password as password8_1_, user0_.role as role9_1_ from user user0_ where user0_.email=?
2023-12-11 13:17:33.997  INFO 1 --- [nio-9090-exec-7] c.c.delivery.controllers.UserController  : [TYPE] incoming [METHOD] GET [API_NAME] courierMyOrders
Hibernate: select user0_.id as id1_1_, user0_.active as active2_1_, user0_.created_on as created_3_1_, user0_.email as email4_1_, user0_.first_name as first_na5_1_, user0_.last_name as last_nam6_1_, user0_.mobile_no as mobile_n7_1_, user0_.password as password8_1_, user0_.role as role9_1_ from user user0_ where user0_.email=?
Hibernate: select courierdet0_.id as id1_0_, courierdet0_.agent_id as agent_i14_0_, courierdet0_.amount as amount2_0_, courierdet0_.created_on as created_3_0_, courierdet0_.current_location as current_4_0_, courierdet0_.destination as destinat5_0_, courierdet0_.distance as distance6_0_, courierdet0_.expected_delivery_date as expected7_0_, courierdet0_.order_type as order_ty8_0_, courierdet0_.payment_details as payment_9_0_, courierdet0_.payment_mode as payment10_0_, courierdet0_.source as source11_0_, courierdet0_.status as status12_0_, courierdet0_.user_id as user_id15_0_, courierdet0_.weight as weight13_0_ from courier_details courierdet0_ where courierdet0_.user_id=?
Hibernate: select user0_.id as id1_1_0_, user0_.active as active2_1_0_, user0_.created_on as created_3_1_0_, user0_.email as email4_1_0_, user0_.first_name as first_na5_1_0_, user0_.last_name as last_nam6_1_0_, user0_.mobile_no as mobile_n7_1_0_, user0_.password as password8_1_0_, user0_.role as role9_1_0_ from user user0_ where user0_.id=?
Hibernate: select user0_.id as id1_1_0_, user0_.active as active2_1_0_, user0_.created_on as created_3_1_0_, user0_.email as email4_1_0_, user0_.first_name as first_na5_1_0_, user0_.last_name as last_nam6_1_0_, user0_.mobile_no as mobile_n7_1_0_, user0_.password as password8_1_0_, user0_.role as role9_1_0_ from user user0_ where user0_.id=?
Hibernate: select user0_.id as id1_1_0_, user0_.active as active2_1_0_, user0_.created_on as created_3_1_0_, user0_.email as email4_1_0_, user0_.first_name as first_na5_1_0_, user0_.last_name as last_nam6_1_0_, user0_.mobile_no as mobile_n7_1_0_, user0_.password as password8_1_0_, user0_.role as role9_1_0_ from user user0_ where user0_.id=?
Hibernate: select user0_.id as id1_1_0_, user0_.active as active2_1_0_, user0_.created_on as created_3_1_0_, user0_.email as email4_1_0_, user0_.first_name as first_na5_1_0_, user0_.last_name as last_nam6_1_0_, user0_.mobile_no as mobile_n7_1_0_, user0_.password as password8_1_0_, user0_.role as role9_1_0_ from user user0_ where user0_.id=?
2023-12-11 13:17:34.006  INFO 1 --- [nio-9090-exec-7] c.c.delivery.controllers.UserController  : [TYPE] outgoing [METHOD] GET [API_NAME] courierMyOrders [STATUS] SUCCESS
